<?xml version="1.0" encoding="UTF-8"?>
<testng-results ignored="0" total="11" passed="10" failed="1" skipped="0">
  <reporter-output>
  </reporter-output>
  <suite started-at="2024-07-12T21:54:40 PET" name="Suite" finished-at="2024-07-12T21:56:00 PET" duration-ms="79786">
    <groups>
      <group name="cucumber">
        <method signature="AbstractTestNGCucumberTests.runScenario(io.cucumber.testng.PickleWrapper,io.cucumber.testng.FeatureWrapper)[pri:0, instance:com.juice.runner.CucumberRunner@5fe94a96]" name="runScenario" class="io.cucumber.testng.AbstractTestNGCucumberTests"/>
      </group> <!-- cucumber -->
    </groups>
    <test started-at="2024-07-12T21:54:40 PET" name="Test" finished-at="2024-07-12T21:56:00 PET" duration-ms="79786">
      <class name="com.juice.runner.CucumberRunner">
        <test-method is-config="true" signature="setUpClass(org.testng.ITestContext)[pri:0, instance:com.juice.runner.CucumberRunner@5fe94a96]" started-at="2024-07-12T21:54:40 PET" name="setUpClass" finished-at="2024-07-12T21:54:44 PET" duration-ms="3317" status="PASS">
          <params>
            <param index="0">
              <value>
                <![CDATA[org.testng.TestRunner@7aef8000]]>
              </value>
            </param>
          </params>
          <reporter-output>
          </reporter-output>
        </test-method> <!-- setUpClass -->
        <test-method signature="runScenario(io.cucumber.testng.PickleWrapper,io.cucumber.testng.FeatureWrapper)[pri:0, instance:com.juice.runner.CucumberRunner@5fe94a96]" started-at="2024-07-12T21:54:44 PET" name="runScenario" description="Runs Cucumber Scenarios" data-provider="scenarios" finished-at="2024-07-12T21:55:02 PET" duration-ms="18203" status="PASS">
          <params>
            <param index="0">
              <value>
                <![CDATA["successful register new users"]]>
              </value>
            </param>
            <param index="1">
              <value>
                <![CDATA["Register new User"]]>
              </value>
            </param>
          </params>
          <reporter-output>
          </reporter-output>
        </test-method> <!-- runScenario -->
        <test-method signature="runScenario(io.cucumber.testng.PickleWrapper,io.cucumber.testng.FeatureWrapper)[pri:0, instance:com.juice.runner.CucumberRunner@5fe94a96]" started-at="2024-07-12T21:55:02 PET" name="runScenario" description="Runs Cucumber Scenarios" data-provider="scenarios" finished-at="2024-07-12T21:55:08 PET" duration-ms="6442" status="PASS">
          <params>
            <param index="0">
              <value>
                <![CDATA["successful register new users"]]>
              </value>
            </param>
            <param index="1">
              <value>
                <![CDATA["Register new User"]]>
              </value>
            </param>
          </params>
          <reporter-output>
          </reporter-output>
        </test-method> <!-- runScenario -->
        <test-method signature="runScenario(io.cucumber.testng.PickleWrapper,io.cucumber.testng.FeatureWrapper)[pri:0, instance:com.juice.runner.CucumberRunner@5fe94a96]" started-at="2024-07-12T21:55:08 PET" name="runScenario" description="Runs Cucumber Scenarios" data-provider="scenarios" finished-at="2024-07-12T21:55:24 PET" duration-ms="15427" status="FAIL">
          <params>
            <param index="0">
              <value>
                <![CDATA["login a user"]]>
              </value>
            </param>
            <param index="1">
              <value>
                <![CDATA["Login User"]]>
              </value>
            </param>
          </params>
          <exception class="org.openqa.selenium.TimeoutException">
            <message>
              <![CDATA[Expected condition failed: waiting for visibility of element located by By.xpath: /html/body/app-root/div/mat-sidenav-container/mat-sidenav-content/app-search-result/div/div/div[1]/div[1] (tried for 15 second(s) with 500 milliseconds interval)
Build info: version: '4.22.0', revision: 'c5f3146703*'
System info: os.name: 'Windows 11', os.arch: 'amd64', os.version: '10.0', java.version: '18.0.2.1'
Driver info: org.openqa.selenium.firefox.FirefoxDriver
Capabilities {acceptInsecureCerts: true, browserName: firefox, browserVersion: 128.0, moz:accessibilityChecks: false, moz:buildID: 20240704121409, moz:debuggerAddress: 127.0.0.1:22440, moz:geckodriverVersion: 0.34.0, moz:headless: false, moz:platformVersion: 10.0, moz:processID: 15464, moz:profile: C:\Users\ingjo\AppData\Loca..., moz:shutdownTimeout: 60000, moz:webdriverClick: true, moz:windowless: false, pageLoadStrategy: normal, platformName: windows, proxy: Proxy(), se:cdp: ws://127.0.0.1:22440/devtoo..., se:cdpVersion: 85.0, setWindowRect: true, strictFileInteractability: false, timeouts: {implicit: 0, pageLoad: 300000, script: 30000}, unhandledPromptBehavior: dismiss and notify, userAgent: Mozilla/5.0 (Windows NT 10....}
Session ID: e43e3c7a-5c83-4182-84bf-76b4fbdc0b19]]>
            </message>
            <full-stacktrace>
              <![CDATA[org.openqa.selenium.TimeoutException: Expected condition failed: waiting for visibility of element located by By.xpath: /html/body/app-root/div/mat-sidenav-container/mat-sidenav-content/app-search-result/div/div/div[1]/div[1] (tried for 15 second(s) with 500 milliseconds interval)
Build info: version: '4.22.0', revision: 'c5f3146703*'
System info: os.name: 'Windows 11', os.arch: 'amd64', os.version: '10.0', java.version: '18.0.2.1'
Driver info: org.openqa.selenium.firefox.FirefoxDriver
Capabilities {acceptInsecureCerts: true, browserName: firefox, browserVersion: 128.0, moz:accessibilityChecks: false, moz:buildID: 20240704121409, moz:debuggerAddress: 127.0.0.1:22440, moz:geckodriverVersion: 0.34.0, moz:headless: false, moz:platformVersion: 10.0, moz:processID: 15464, moz:profile: C:\Users\ingjo\AppData\Loca..., moz:shutdownTimeout: 60000, moz:webdriverClick: true, moz:windowless: false, pageLoadStrategy: normal, platformName: windows, proxy: Proxy(), se:cdp: ws://127.0.0.1:22440/devtoo..., se:cdpVersion: 85.0, setWindowRect: true, strictFileInteractability: false, timeouts: {implicit: 0, pageLoad: 300000, script: 30000}, unhandledPromptBehavior: dismiss and notify, userAgent: Mozilla/5.0 (Windows NT 10....}
Session ID: e43e3c7a-5c83-4182-84bf-76b4fbdc0b19
at org.openqa.selenium.support.ui.WebDriverWait.timeoutException(WebDriverWait.java:84)
at org.openqa.selenium.support.ui.FluentWait.until(FluentWait.java:228)
at com.juice.stepDefinitionsTest.StepsGeneralUser.user_can_see_a_message(StepsGeneralUser.java:102)
at ✽.user can see a message(file:///C:/Workspace/SeleniumWebDriver/SeleniumGherkinCucumberBDD/AutoCucumber/src/test/resources/features/2-login.feature:11)
]]>
            </full-stacktrace>
          </exception> <!-- org.openqa.selenium.TimeoutException -->
          <reporter-output>
          </reporter-output>
        </test-method> <!-- runScenario -->
        <test-method signature="runScenario(io.cucumber.testng.PickleWrapper,io.cucumber.testng.FeatureWrapper)[pri:0, instance:com.juice.runner.CucumberRunner@5fe94a96]" started-at="2024-07-12T21:55:24 PET" name="runScenario" description="Runs Cucumber Scenarios" data-provider="scenarios" finished-at="2024-07-12T21:55:24 PET" duration-ms="426" status="PASS">
          <params>
            <param index="0">
              <value>
                <![CDATA["login a user"]]>
              </value>
            </param>
            <param index="1">
              <value>
                <![CDATA["Login User"]]>
              </value>
            </param>
          </params>
          <reporter-output>
          </reporter-output>
        </test-method> <!-- runScenario -->
        <test-method signature="runScenario(io.cucumber.testng.PickleWrapper,io.cucumber.testng.FeatureWrapper)[pri:0, instance:com.juice.runner.CucumberRunner@5fe94a96]" started-at="2024-07-12T21:55:24 PET" name="runScenario" description="Runs Cucumber Scenarios" data-provider="scenarios" finished-at="2024-07-12T21:55:28 PET" duration-ms="3661" status="PASS">
          <params>
            <param index="0">
              <value>
                <![CDATA["register address of user"]]>
              </value>
            </param>
            <param index="1">
              <value>
                <![CDATA["Register new Address"]]>
              </value>
            </param>
          </params>
          <reporter-output>
          </reporter-output>
        </test-method> <!-- runScenario -->
        <test-method signature="runScenario(io.cucumber.testng.PickleWrapper,io.cucumber.testng.FeatureWrapper)[pri:0, instance:com.juice.runner.CucumberRunner@5fe94a96]" started-at="2024-07-12T21:55:28 PET" name="runScenario" description="Runs Cucumber Scenarios" data-provider="scenarios" finished-at="2024-07-12T21:55:31 PET" duration-ms="3197" status="PASS">
          <params>
            <param index="0">
              <value>
                <![CDATA["register address of user"]]>
              </value>
            </param>
            <param index="1">
              <value>
                <![CDATA["Register new Address"]]>
              </value>
            </param>
          </params>
          <reporter-output>
          </reporter-output>
        </test-method> <!-- runScenario -->
        <test-method signature="runScenario(io.cucumber.testng.PickleWrapper,io.cucumber.testng.FeatureWrapper)[pri:0, instance:com.juice.runner.CucumberRunner@5fe94a96]" started-at="2024-07-12T21:55:31 PET" name="runScenario" description="Runs Cucumber Scenarios" data-provider="scenarios" finished-at="2024-07-12T21:55:35 PET" duration-ms="4263" status="PASS">
          <params>
            <param index="0">
              <value>
                <![CDATA["register method payment"]]>
              </value>
            </param>
            <param index="1">
              <value>
                <![CDATA["Register method paymen"]]>
              </value>
            </param>
          </params>
          <reporter-output>
          </reporter-output>
        </test-method> <!-- runScenario -->
        <test-method signature="runScenario(io.cucumber.testng.PickleWrapper,io.cucumber.testng.FeatureWrapper)[pri:0, instance:com.juice.runner.CucumberRunner@5fe94a96]" started-at="2024-07-12T21:55:35 PET" name="runScenario" description="Runs Cucumber Scenarios" data-provider="scenarios" finished-at="2024-07-12T21:55:39 PET" duration-ms="3634" status="PASS">
          <params>
            <param index="0">
              <value>
                <![CDATA["register method payment"]]>
              </value>
            </param>
            <param index="1">
              <value>
                <![CDATA["Register method paymen"]]>
              </value>
            </param>
          </params>
          <reporter-output>
          </reporter-output>
        </test-method> <!-- runScenario -->
        <test-method signature="runScenario(io.cucumber.testng.PickleWrapper,io.cucumber.testng.FeatureWrapper)[pri:0, instance:com.juice.runner.CucumberRunner@5fe94a96]" started-at="2024-07-12T21:55:39 PET" name="runScenario" description="Runs Cucumber Scenarios" data-provider="scenarios" finished-at="2024-07-12T21:55:49 PET" duration-ms="10395" status="PASS">
          <params>
            <param index="0">
              <value>
                <![CDATA["register first purchase order"]]>
              </value>
            </param>
            <param index="1">
              <value>
                <![CDATA["Register new User"]]>
              </value>
            </param>
          </params>
          <reporter-output>
          </reporter-output>
        </test-method> <!-- runScenario -->
        <test-method signature="runScenario(io.cucumber.testng.PickleWrapper,io.cucumber.testng.FeatureWrapper)[pri:0, instance:com.juice.runner.CucumberRunner@5fe94a96]" started-at="2024-07-12T21:55:49 PET" name="runScenario" description="Runs Cucumber Scenarios" data-provider="scenarios" finished-at="2024-07-12T21:55:55 PET" duration-ms="5890" status="PASS">
          <params>
            <param index="0">
              <value>
                <![CDATA["register second purchase order"]]>
              </value>
            </param>
            <param index="1">
              <value>
                <![CDATA["Register new User"]]>
              </value>
            </param>
          </params>
          <reporter-output>
          </reporter-output>
        </test-method> <!-- runScenario -->
        <test-method signature="runScenario(io.cucumber.testng.PickleWrapper,io.cucumber.testng.FeatureWrapper)[pri:0, instance:com.juice.runner.CucumberRunner@5fe94a96]" started-at="2024-07-12T21:55:55 PET" name="runScenario" description="Runs Cucumber Scenarios" data-provider="scenarios" finished-at="2024-07-12T21:55:55 PET" duration-ms="19" status="PASS">
          <params>
            <param index="0">
              <value>
                <![CDATA["check order history"]]>
              </value>
            </param>
            <param index="1">
              <value>
                <![CDATA["Validate History purchases"]]>
              </value>
            </param>
          </params>
          <reporter-output>
          </reporter-output>
        </test-method> <!-- runScenario -->
        <test-method is-config="true" signature="tearDownClass()[pri:0, instance:com.juice.runner.CucumberRunner@5fe94a96]" started-at="2024-07-12T21:55:55 PET" name="tearDownClass" finished-at="2024-07-12T21:56:00 PET" duration-ms="4888" status="PASS">
          <reporter-output>
          </reporter-output>
        </test-method> <!-- tearDownClass -->
      </class> <!-- com.juice.runner.CucumberRunner -->
    </test> <!-- Test -->
  </suite> <!-- Suite -->
</testng-results>
